Build started 9/15/2013 9:12:03 PM.
     1>Project "F:\STUDY\Programming\Age Calculator\Age Calculator\Age Calculator\Age Calculator.vcxproj" on node 2 (build target(s)).
     1>PrepareForBuild:
         Creating directory "F:\STUDY\Programming\Age Calculator\Age Calculator\Debug\".
       InitializeBuildStatus:
         Creating "Debug\Age Calculator.unsuccessfulbuild" because "AlwaysCreate" was specified.
       ClCompile:
         C:\Program Files (x86)\Microsoft Visual Studio 10.0\VC\bin\CL.exe /c /ZI /nologo /W3 /WX- /Od /Oy- /D WIN32 /D _DEBUG /D _CONSOLE /D _UNICODE /D UNICODE /Gm /EHsc /RTC1 /MDd /GS /fp:precise /Zc:wchar_t /Zc:forScope /Yc"StdAfx.h" /Fp"Debug\Age Calculator.pch" /Fo"Debug\\" /Fd"Debug\vc100.pdb" /Gd /TP /analyze- /errorReport:prompt stdafx.cpp
         stdafx.cpp
         C:\Program Files (x86)\Microsoft Visual Studio 10.0\VC\bin\CL.exe /c /ZI /nologo /W3 /WX- /Od /Oy- /D WIN32 /D _DEBUG /D _CONSOLE /D _UNICODE /D UNICODE /Gm /EHsc /RTC1 /MDd /GS /fp:precise /Zc:wchar_t /Zc:forScope /Yu"StdAfx.h" /Fp"Debug\Age Calculator.pch" /Fo"Debug\\" /Fd"Debug\vc100.pdb" /Gd /TP /analyze- /errorReport:prompt "Age Calculator.cpp"
         Age Calculator.cpp
     1>f:\study\programming\age calculator\age calculator\age calculator\age calculator.cpp(11): warning C4996: 'scanf': This function or variable may be unsafe. Consider using scanf_s instead. To disable deprecation, use _CRT_SECURE_NO_WARNINGS. See online help for details.
                 c:\program files (x86)\microsoft visual studio 10.0\vc\include\stdio.h(304) : see declaration of 'scanf'
       ManifestResourceCompile:
         C:\Program Files (x86)\Microsoft SDKs\Windows\v7.0A\bin\rc.exe /nologo /fo"Debug\Age Calculator.exe.embed.manifest.res" "Debug\Age Calculator_manifest.rc" 
       Link:
         C:\Program Files (x86)\Microsoft Visual Studio 10.0\VC\bin\link.exe /ERRORREPORT:PROMPT /OUT:"F:\STUDY\Programming\Age Calculator\Age Calculator\Debug\Age Calculator.exe" /INCREMENTAL /NOLOGO kernel32.lib user32.lib gdi32.lib winspool.lib comdlg32.lib advapi32.lib shell32.lib ole32.lib oleaut32.lib uuid.lib odbc32.lib odbccp32.lib /MANIFEST /ManifestFile:"Debug\Age Calculator.exe.intermediate.manifest" /MANIFESTUAC:"level='asInvoker' uiAccess='false'" /DEBUG /PDB:"F:\STUDY\Programming\Age Calculator\Age Calculator\Debug\Age Calculator.pdb" /SUBSYSTEM:CONSOLE /TLBID:1 /DYNAMICBASE /NXCOMPAT /IMPLIB:"F:\STUDY\Programming\Age Calculator\Age Calculator\Debug\Age Calculator.lib" /MACHINE:X86 "Debug\Age Calculator.exe.embed.manifest.res"
         "Debug\Age Calculator.obj"
         Debug\stdafx.obj
       Manifest:
         C:\Program Files (x86)\Microsoft SDKs\Windows\v7.0A\bin\mt.exe /nologo /verbose /out:"Debug\Age Calculator.exe.embed.manifest" /manifest "Debug\Age Calculator.exe.intermediate.manifest"
         C:\Program Files (x86)\Microsoft SDKs\Windows\v7.0A\bin\rc.exe /nologo /fo"Debug\Age Calculator.exe.embed.manifest.res" "Debug\Age Calculator_manifest.rc" 
       LinkEmbedManifest:
         C:\Program Files (x86)\Microsoft Visual Studio 10.0\VC\bin\link.exe /ERRORREPORT:PROMPT /OUT:"F:\STUDY\Programming\Age Calculator\Age Calculator\Debug\Age Calculator.exe" /INCREMENTAL /NOLOGO kernel32.lib user32.lib gdi32.lib winspool.lib comdlg32.lib advapi32.lib shell32.lib ole32.lib oleaut32.lib uuid.lib odbc32.lib odbccp32.lib /MANIFEST /ManifestFile:"Debug\Age Calculator.exe.intermediate.manifest" /MANIFESTUAC:"level='asInvoker' uiAccess='false'" /DEBUG /PDB:"F:\STUDY\Programming\Age Calculator\Age Calculator\Debug\Age Calculator.pdb" /SUBSYSTEM:CONSOLE /TLBID:1 /DYNAMICBASE /NXCOMPAT /IMPLIB:"F:\STUDY\Programming\Age Calculator\Age Calculator\Debug\Age Calculator.lib" /MACHINE:X86 "Debug\Age Calculator.exe.embed.manifest.res"
         "Debug\Age Calculator.obj"
         Debug\stdafx.obj
         Age Calculator.vcxproj -> F:\STUDY\Programming\Age Calculator\Age Calculator\Debug\Age Calculator.exe
       FinalizeBuildStatus:
         Deleting file "Debug\Age Calculator.unsuccessfulbuild".
         Touching "Debug\Age Calculator.lastbuildstate".
     1>Done Building Project "F:\STUDY\Programming\Age Calculator\Age Calculator\Age Calculator\Age Calculator.vcxproj" (build target(s)).

Build succeeded.

Time Elapsed 00:00:02.10
